[
  {
    "Plan": {
      "Node Type": "Aggregate",
      "Strategy": "Sorted",
      "Partial Mode": "Simple",
      "Parallel Aware": false,
      "Startup Cost": 15552.51,
      "Total Cost": 15554.36,
      "Plan Rows": 1,
      "Plan Width": 33,
      "Actual Startup Time": 755.383,
      "Actual Total Time": 755.383,
      "Actual Rows": 0,
      "Actual Loops": 1,
      "Group Key": ["u.id"],
      "Filter": "(count(*) > 1)",
      "Rows Removed by Filter": 0,
      "Shared Hit Blocks": 2957,
      "Shared Read Blocks": 0,
      "Shared Dirtied Blocks": 0,
      "Shared Written Blocks": 0,
      "Local Hit Blocks": 0,
      "Local Read Blocks": 0,
      "Local Dirtied Blocks": 0,
      "Local Written Blocks": 0,
      "Temp Read Blocks": 0,
      "Temp Written Blocks": 0,
      "Plans": [
        {
          "Node Type": "Seq Scan",
          "Parent Relationship": "InitPlan",
          "Subplan Name": "CTE sql_posts",
          "Parallel Aware": false,
          "Relation Name": "posts",
          "Alias": "posts",
          "Startup Cost": 0.00,
          "Total Cost": 209.00,
          "Plan Rows": 4971,
          "Plan Width": 36,
          "Actual Startup Time": 0.023,
          "Actual Total Time": 0.023,
          "Actual Rows": 1,
          "Actual Loops": 1,
          "Filter": "((title)::text ~ '.*sql.*'::text)",
          "Rows Removed by Filter": 1,
          "Shared Hit Blocks": 1,
          "Shared Read Blocks": 0,
          "Shared Dirtied Blocks": 0,
          "Shared Written Blocks": 0,
          "Local Hit Blocks": 0,
          "Local Read Blocks": 0,
          "Local Dirtied Blocks": 0,
          "Local Written Blocks": 0,
          "Temp Read Blocks": 0,
          "Temp Written Blocks": 0
        },
        {
          "Node Type": "Seq Scan",
          "Parent Relationship": "InitPlan",
          "Subplan Name": "CTE postgres_posts",
          "Parallel Aware": false,
          "Relation Name": "posts",
          "Alias": "posts_1",
          "Startup Cost": 0.00,
          "Total Cost": 209.00,
          "Plan Rows": 2481,
          "Plan Width": 36,
          "Actual Startup Time": 0.032,
          "Actual Total Time": 0.032,
          "Actual Rows": 1,
          "Actual Loops": 1,
          "Filter": "((title)::text ~ '.*postgres.*'::text)",
          "Rows Removed by Filter": 13,
          "Shared Hit Blocks": 1,
          "Shared Read Blocks": 0,
          "Shared Dirtied Blocks": 0,
          "Shared Written Blocks": 0,
          "Local Hit Blocks": 0,
          "Local Read Blocks": 0,
          "Local Dirtied Blocks": 0,
          "Local Written Blocks": 0,
          "Temp Read Blocks": 0,
          "Temp Written Blocks": 0
        },
        {
          "Node Type": "Seq Scan",
          "Parent Relationship": "InitPlan",
          "Subplan Name": "CTE database_posts",
          "Parallel Aware": false,
          "Relation Name": "posts",
          "Alias": "posts_2",
          "Startup Cost": 0.00,
          "Total Cost": 209.00,
          "Plan Rows": 2548,
          "Plan Width": 36,
          "Actual Startup Time": 0.010,
          "Actual Total Time": 0.010,
          "Actual Rows": 1,
          "Actual Loops": 1,
          "Filter": "((title)::text ~ '.*databases.*'::text)",
          "Rows Removed by Filter": 0,
          "Shared Hit Blocks": 1,
          "Shared Read Blocks": 0,
          "Shared Dirtied Blocks": 0,
          "Shared Written Blocks": 0,
          "Local Hit Blocks": 0,
          "Local Read Blocks": 0,
          "Local Dirtied Blocks": 0,
          "Local Written Blocks": 0,
          "Temp Read Blocks": 0,
          "Temp Written Blocks": 0
        },
        {
          "Node Type": "Nested Loop",
          "Parent Relationship": "InitPlan",
          "Subplan Name": "CTE performance_comments",
          "Parallel Aware": false,
          "Join Type": "Inner",
          "Startup Cost": 0.29,
          "Total Cost": 2242.31,
          "Plan Rows": 1,
          "Plan Width": 25,
          "Actual Startup Time": 223.165,
          "Actual Total Time": 223.165,
          "Actual Rows": 0,
          "Actual Loops": 1,
          "Inner Unique": true,
          "Shared Hit Blocks": 984,
          "Shared Read Blocks": 0,
          "Shared Dirtied Blocks": 0,
          "Shared Written Blocks": 0,
          "Local Hit Blocks": 0,
          "Local Read Blocks": 0,
          "Local Dirtied Blocks": 0,
          "Local Written Blocks": 0,
          "Temp Read Blocks": 0,
          "Temp Written Blocks": 0,
          "Plans": [
            {
              "Node Type": "Seq Scan",
              "Parent Relationship": "Outer",
              "Parallel Aware": false,
              "Relation Name": "comments",
              "Alias": "c",
              "Startup Cost": 0.00,
              "Total Cost": 2234.00,
              "Plan Rows": 1,
              "Plan Width": 4,
              "Actual Startup Time": 223.164,
              "Actual Total Time": 223.164,
              "Actual Rows": 0,
              "Actual Loops": 1,
              "Filter": "((body)::text ~ '.*performance.*'::text)",
              "Rows Removed by Filter": 100000,
              "Shared Hit Blocks": 984,
              "Shared Read Blocks": 0,
              "Shared Dirtied Blocks": 0,
              "Shared Written Blocks": 0,
              "Local Hit Blocks": 0,
              "Local Read Blocks": 0,
              "Local Dirtied Blocks": 0,
              "Local Written Blocks": 0,
              "Temp Read Blocks": 0,
              "Temp Written Blocks": 0
            },
            {
              "Node Type": "Index Scan",
              "Parent Relationship": "Inner",
              "Parallel Aware": false,
              "Scan Direction": "Forward",
              "Index Name": "users_pkey",
              "Relation Name": "users",
              "Alias": "u_1",
              "Startup Cost": 0.29,
              "Total Cost": 8.31,
              "Plan Rows": 1,
              "Plan Width": 25,
              "Actual Startup Time": 0.000,
              "Actual Total Time": 0.000,
              "Actual Rows": 0,
              "Actual Loops": 0,
              "Index Cond": "(id = c.user_id)",
              "Rows Removed by Index Recheck": 0,
              "Shared Hit Blocks": 0,
              "Shared Read Blocks": 0,
              "Shared Dirtied Blocks": 0,
              "Shared Written Blocks": 0,
              "Local Hit Blocks": 0,
              "Local Read Blocks": 0,
              "Local Dirtied Blocks": 0,
              "Local Written Blocks": 0,
              "Temp Read Blocks": 0,
              "Temp Written Blocks": 0
            }
          ]
        },
        {
          "Node Type": "Hash Join",
          "Parent Relationship": "InitPlan",
          "Subplan Name": "CTE testing_comments",
          "Parallel Aware": false,
          "Join Type": "Inner",
          "Startup Cost": 2861.59,
          "Total Cost": 5594.66,
          "Plan Rows": 50207,
          "Plan Width": 25,
          "Actual Startup Time": 252.949,
          "Actual Total Time": 252.949,
          "Actual Rows": 1,
          "Actual Loops": 1,
          "Inner Unique": false,
          "Hash Cond": "(u_2.id = c_1.user_id)",
          "Shared Hit Blocks": 985,
          "Shared Read Blocks": 0,
          "Shared Dirtied Blocks": 0,
          "Shared Written Blocks": 0,
          "Local Hit Blocks": 0,
          "Local Read Blocks": 0,
          "Local Dirtied Blocks": 0,
          "Local Written Blocks": 0,
          "Temp Read Blocks": 0,
          "Temp Written Blocks": 0,
          "Plans": [
            {
              "Node Type": "Seq Scan",
              "Parent Relationship": "Outer",
              "Parallel Aware": false,
              "Relation Name": "users",
              "Alias": "u_2",
              "Startup Cost": 0.00,
              "Total Cost": 1731.00,
              "Plan Rows": 100000,
              "Plan Width": 25,
              "Actual Startup Time": 0.016,
              "Actual Total Time": 0.017,
              "Actual Rows": 3,
              "Actual Loops": 1,
              "Shared Hit Blocks": 1,
              "Shared Read Blocks": 0,
              "Shared Dirtied Blocks": 0,
              "Shared Written Blocks": 0,
              "Local Hit Blocks": 0,
              "Local Read Blocks": 0,
              "Local Dirtied Blocks": 0,
              "Local Written Blocks": 0,
              "Temp Read Blocks": 0,
              "Temp Written Blocks": 0
            },
            {
              "Node Type": "Hash",
              "Parent Relationship": "Inner",
              "Parallel Aware": false,
              "Startup Cost": 2234.00,
              "Total Cost": 2234.00,
              "Plan Rows": 50207,
              "Plan Width": 4,
              "Actual Startup Time": 252.611,
              "Actual Total Time": 252.611,
              "Actual Rows": 49998,
              "Actual Loops": 1,
              "Hash Buckets": 65536,
              "Original Hash Buckets": 65536,
              "Hash Batches": 1,
              "Original Hash Batches": 1,
              "Peak Memory Usage": 2270,
              "Shared Hit Blocks": 984,
              "Shared Read Blocks": 0,
              "Shared Dirtied Blocks": 0,
              "Shared Written Blocks": 0,
              "Local Hit Blocks": 0,
              "Local Read Blocks": 0,
              "Local Dirtied Blocks": 0,
              "Local Written Blocks": 0,
              "Temp Read Blocks": 0,
              "Temp Written Blocks": 0,
              "Plans": [
                {
                  "Node Type": "Seq Scan",
                  "Parent Relationship": "Outer",
                  "Parallel Aware": false,
                  "Relation Name": "comments",
                  "Alias": "c_1",
                  "Startup Cost": 0.00,
                  "Total Cost": 2234.00,
                  "Plan Rows": 50207,
                  "Plan Width": 4,
                  "Actual Startup Time": 0.035,
                  "Actual Total Time": 239.699,
                  "Actual Rows": 49998,
                  "Actual Loops": 1,
                  "Filter": "((body)::text ~ '.*testing.*'::text)",
                  "Rows Removed by Filter": 50002,
                  "Shared Hit Blocks": 984,
                  "Shared Read Blocks": 0,
                  "Shared Dirtied Blocks": 0,
                  "Shared Written Blocks": 0,
                  "Local Hit Blocks": 0,
                  "Local Read Blocks": 0,
                  "Local Dirtied Blocks": 0,
                  "Local Written Blocks": 0,
                  "Temp Read Blocks": 0,
                  "Temp Written Blocks": 0
                }
              ]
            }
          ]
        },
        {
          "Node Type": "Hash Join",
          "Parent Relationship": "InitPlan",
          "Subplan Name": "CTE modularity_comments",
          "Parallel Aware": false,
          "Join Type": "Inner",
          "Startup Cost": 2545.59,
          "Total Cost": 5025.86,
          "Plan Rows": 24927,
          "Plan Width": 25,
          "Actual Startup Time": 279.072,
          "Actual Total Time": 279.073,
          "Actual Rows": 1,
          "Actual Loops": 1,
          "Inner Unique": false,
          "Hash Cond": "(u_3.id = c_2.user_id)",
          "Shared Hit Blocks": 985,
          "Shared Read Blocks": 0,
          "Shared Dirtied Blocks": 0,
          "Shared Written Blocks": 0,
          "Local Hit Blocks": 0,
          "Local Read Blocks": 0,
          "Local Dirtied Blocks": 0,
          "Local Written Blocks": 0,
          "Temp Read Blocks": 0,
          "Temp Written Blocks": 0,
          "Plans": [
            {
              "Node Type": "Seq Scan",
              "Parent Relationship": "Outer",
              "Parallel Aware": false,
              "Relation Name": "users",
              "Alias": "u_3",
              "Startup Cost": 0.00,
              "Total Cost": 1731.00,
              "Plan Rows": 100000,
              "Plan Width": 25,
              "Actual Startup Time": 0.012,
              "Actual Total Time": 0.012,
              "Actual Rows": 1,
              "Actual Loops": 1,
              "Shared Hit Blocks": 1,
              "Shared Read Blocks": 0,
              "Shared Dirtied Blocks": 0,
              "Shared Written Blocks": 0,
              "Local Hit Blocks": 0,
              "Local Read Blocks": 0,
              "Local Dirtied Blocks": 0,
              "Local Written Blocks": 0,
              "Temp Read Blocks": 0,
              "Temp Written Blocks": 0
            },
            {
              "Node Type": "Hash",
              "Parent Relationship": "Inner",
              "Parallel Aware": false,
              "Startup Cost": 2234.00,
              "Total Cost": 2234.00,
              "Plan Rows": 24927,
              "Plan Width": 4,
              "Actual Startup Time": 278.911,
              "Actual Total Time": 278.911,
              "Actual Rows": 25058,
              "Actual Loops": 1,
              "Hash Buckets": 32768,
              "Original Hash Buckets": 32768,
              "Hash Batches": 1,
              "Original Hash Batches": 1,
              "Peak Memory Usage": 1137,
              "Shared Hit Blocks": 984,
              "Shared Read Blocks": 0,
              "Shared Dirtied Blocks": 0,
              "Shared Written Blocks": 0,
              "Local Hit Blocks": 0,
              "Local Read Blocks": 0,
              "Local Dirtied Blocks": 0,
              "Local Written Blocks": 0,
              "Temp Read Blocks": 0,
              "Temp Written Blocks": 0,
              "Plans": [
                {
                  "Node Type": "Seq Scan",
                  "Parent Relationship": "Outer",
                  "Parallel Aware": false,
                  "Relation Name": "comments",
                  "Alias": "c_2",
                  "Startup Cost": 0.00,
                  "Total Cost": 2234.00,
                  "Plan Rows": 24927,
                  "Plan Width": 4,
                  "Actual Startup Time": 0.025,
                  "Actual Total Time": 271.456,
                  "Actual Rows": 25058,
                  "Actual Loops": 1,
                  "Filter": "((body)::text ~ '.*modularity.*'::text)",
                  "Rows Removed by Filter": 74942,
                  "Shared Hit Blocks": 984,
                  "Shared Read Blocks": 0,
                  "Shared Dirtied Blocks": 0,
                  "Shared Written Blocks": 0,
                  "Local Hit Blocks": 0,
                  "Local Read Blocks": 0,
                  "Local Dirtied Blocks": 0,
                  "Local Written Blocks": 0,
                  "Temp Read Blocks": 0,
                  "Temp Written Blocks": 0
                }
              ]
            }
          ]
        },
        {
          "Node Type": "Index Scan",
          "Parent Relationship": "InitPlan",
          "Subplan Name": "CTE early_gmail_users",
          "Parallel Aware": false,
          "Scan Direction": "Forward",
          "Index Name": "users_pkey",
          "Relation Name": "users",
          "Alias": "users",
          "Startup Cost": 0.29,
          "Total Cost": 10.23,
          "Plan Rows": 25,
          "Plan Width": 4,
          "Actual Startup Time": 0.000,
          "Actual Total Time": 0.000,
          "Actual Rows": 0,
          "Actual Loops": 0,
          "Index Cond": "(id < 100)",
          "Rows Removed by Index Recheck": 0,
          "Filter": "((email)::text ~ '.*gmail.*'::text)",
          "Rows Removed by Filter": 0,
          "Shared Hit Blocks": 0,
          "Shared Read Blocks": 0,
          "Shared Dirtied Blocks": 0,
          "Shared Written Blocks": 0,
          "Local Hit Blocks": 0,
          "Local Read Blocks": 0,
          "Local Dirtied Blocks": 0,
          "Local Written Blocks": 0,
          "Temp Read Blocks": 0,
          "Temp Written Blocks": 0
        },
        {
          "Node Type": "Index Scan",
          "Parent Relationship": "InitPlan",
          "Subplan Name": "CTE early_yahoo_users",
          "Parallel Aware": false,
          "Scan Direction": "Forward",
          "Index Name": "users_pkey",
          "Relation Name": "users",
          "Alias": "users_1",
          "Startup Cost": 0.29,
          "Total Cost": 10.23,
          "Plan Rows": 16,
          "Plan Width": 4,
          "Actual Startup Time": 0.000,
          "Actual Total Time": 0.000,
          "Actual Rows": 0,
          "Actual Loops": 0,
          "Index Cond": "(id < 100)",
          "Rows Removed by Index Recheck": 0,
          "Filter": "((email)::text ~ '.*yahoo.*'::text)",
          "Rows Removed by Filter": 0,
          "Shared Hit Blocks": 0,
          "Shared Read Blocks": 0,
          "Shared Dirtied Blocks": 0,
          "Shared Written Blocks": 0,
          "Local Hit Blocks": 0,
          "Local Read Blocks": 0,
          "Local Dirtied Blocks": 0,
          "Local Written Blocks": 0,
          "Temp Read Blocks": 0,
          "Temp Written Blocks": 0
        },
        {
          "Node Type": "Index Scan",
          "Parent Relationship": "InitPlan",
          "Subplan Name": "CTE early_hotmail_users",
          "Parallel Aware": false,
          "Scan Direction": "Forward",
          "Index Name": "users_pkey",
          "Relation Name": "users",
          "Alias": "users_2",
          "Startup Cost": 0.29,
          "Total Cost": 10.23,
          "Plan Rows": 56,
          "Plan Width": 4,
          "Actual Startup Time": 0.000,
          "Actual Total Time": 0.000,
          "Actual Rows": 0,
          "Actual Loops": 0,
          "Index Cond": "(id < 100)",
          "Rows Removed by Index Recheck": 0,
          "Filter": "((email)::text ~ '.*hotmail.*'::text)",
          "Rows Removed by Filter": 0,
          "Shared Hit Blocks": 0,
          "Shared Read Blocks": 0,
          "Shared Dirtied Blocks": 0,
          "Shared Written Blocks": 0,
          "Local Hit Blocks": 0,
          "Local Read Blocks": 0,
          "Local Dirtied Blocks": 0,
          "Local Written Blocks": 0,
          "Temp Read Blocks": 0,
          "Temp Written Blocks": 0
        },
        {
          "Node Type": "Nested Loop",
          "Parent Relationship": "Outer",
          "Parallel Aware": false,
          "Join Type": "Inner",
          "Startup Cost": 2031.99,
          "Total Cost": 2033.82,
          "Plan Rows": 1,
          "Plan Width": 25,
          "Actual Startup Time": 755.380,
          "Actual Total Time": 755.380,
          "Actual Rows": 0,
          "Actual Loops": 1,
          "Inner Unique": false,
          "Join Filter": "(eyu.id = u.id)",
          "Rows Removed by Join Filter": 0,
          "Shared Hit Blocks": 2957,
          "Shared Read Blocks": 0,
          "Shared Dirtied Blocks": 0,
          "Shared Written Blocks": 0,
          "Local Hit Blocks": 0,
          "Local Read Blocks": 0,
          "Local Dirtied Blocks": 0,
          "Local Written Blocks": 0,
          "Temp Read Blocks": 0,
          "Temp Written Blocks": 0,
          "Plans": [
            {
              "Node Type": "Merge Join",
              "Parent Relationship": "Outer",
              "Parallel Aware": false,
              "Join Type": "Inner",
              "Startup Cost": 2031.47,
              "Total Cost": 2031.61,
              "Plan Rows": 1,
              "Plan Width": 53,
              "Actual Startup Time": 755.379,
              "Actual Total Time": 755.380,
              "Actual Rows": 0,
              "Actual Loops": 1,
              "Inner Unique": false,
              "Merge Cond": "(u.id = egu.id)",
              "Shared Hit Blocks": 2957,
              "Shared Read Blocks": 0,
              "Shared Dirtied Blocks": 0,
              "Shared Written Blocks": 0,
              "Local Hit Blocks": 0,
              "Local Read Blocks": 0,
              "Local Dirtied Blocks": 0,
              "Local Written Blocks": 0,
              "Temp Read Blocks": 0,
              "Temp Written Blocks": 0,
              "Plans": [
                {
                  "Node Type": "Sort",
                  "Parent Relationship": "Outer",
                  "Parallel Aware": false,
                  "Startup Cost": 2030.39,
                  "Total Cost": 2030.39,
                  "Plan Rows": 1,
                  "Plan Width": 49,
                  "Actual Startup Time": 755.378,
                  "Actual Total Time": 755.379,
                  "Actual Rows": 0,
                  "Actual Loops": 1,
                  "Sort Key": ["u.id"],
                  "Sort Method": "quicksort",
                  "Sort Space Used": 25,
                  "Sort Space Type": "Memory",
                  "Shared Hit Blocks": 2957,
                  "Shared Read Blocks": 0,
                  "Shared Dirtied Blocks": 0,
                  "Shared Written Blocks": 0,
                  "Local Hit Blocks": 0,
                  "Local Read Blocks": 0,
                  "Local Dirtied Blocks": 0,
                  "Local Written Blocks": 0,
                  "Temp Read Blocks": 0,
                  "Temp Written Blocks": 0,
                  "Plans": [
                    {
                      "Node Type": "Hash Join",
                      "Parent Relationship": "Outer",
                      "Parallel Aware": false,
                      "Join Type": "Inner",
                      "Startup Cost": 837.95,
                      "Total Cost": 2030.38,
                      "Plan Rows": 1,
                      "Plan Width": 49,
                      "Actual Startup Time": 755.357,
                      "Actual Total Time": 755.357,
                      "Actual Rows": 0,
                      "Actual Loops": 1,
                      "Inner Unique": false,
                      "Hash Cond": "(tc.user_id = u.id)",
                      "Shared Hit Blocks": 2957,
                      "Shared Read Blocks": 0,
                      "Shared Dirtied Blocks": 0,
                      "Shared Written Blocks": 0,
                      "Local Hit Blocks": 0,
                      "Local Read Blocks": 0,
                      "Local Dirtied Blocks": 0,
                      "Local Written Blocks": 0,
                      "Temp Read Blocks": 0,
                      "Temp Written Blocks": 0,
                      "Plans": [
                        {
                          "Node Type": "CTE Scan",
                          "Parent Relationship": "Outer",
                          "Parallel Aware": false,
                          "CTE Name": "testing_comments",
                          "Alias": "tc",
                          "Startup Cost": 0.00,
                          "Total Cost": 1004.14,
                          "Plan Rows": 50207,
                          "Plan Width": 4,
                          "Actual Startup Time": 252.951,
                          "Actual Total Time": 252.951,
                          "Actual Rows": 1,
                          "Actual Loops": 1,
                          "Shared Hit Blocks": 985,
                          "Shared Read Blocks": 0,
                          "Shared Dirtied Blocks": 0,
                          "Shared Written Blocks": 0,
                          "Local Hit Blocks": 0,
                          "Local Read Blocks": 0,
                          "Local Dirtied Blocks": 0,
                          "Local Written Blocks": 0,
                          "Temp Read Blocks": 0,
                          "Temp Written Blocks": 0
                        },
                        {
                          "Node Type": "Hash",
                          "Parent Relationship": "Inner",
                          "Parallel Aware": false,
                          "Startup Cost": 837.94,
                          "Total Cost": 837.94,
                          "Plan Rows": 1,
                          "Plan Width": 45,
                          "Actual Startup Time": 502.388,
                          "Actual Total Time": 502.388,
                          "Actual Rows": 0,
                          "Actual Loops": 1,
                          "Hash Buckets": 1024,
                          "Original Hash Buckets": 1024,
                          "Hash Batches": 1,
                          "Original Hash Batches": 1,
                          "Peak Memory Usage": 8,
                          "Shared Hit Blocks": 1972,
                          "Shared Read Blocks": 0,
                          "Shared Dirtied Blocks": 0,
                          "Shared Written Blocks": 0,
                          "Local Hit Blocks": 0,
                          "Local Read Blocks": 0,
                          "Local Dirtied Blocks": 0,
                          "Local Written Blocks": 0,
                          "Temp Read Blocks": 0,
                          "Temp Written Blocks": 0,
                          "Plans": [
                            {
                              "Node Type": "Hash Join",
                              "Parent Relationship": "Outer",
                              "Parallel Aware": false,
                              "Join Type": "Inner",
                              "Startup Cost": 245.91,
                              "Total Cost": 837.94,
                              "Plan Rows": 1,
                              "Plan Width": 45,
                              "Actual Startup Time": 502.387,
                              "Actual Total Time": 502.387,
                              "Actual Rows": 0,
                              "Actual Loops": 1,
                              "Inner Unique": false,
                              "Hash Cond": "(mc.user_id = u.id)",
                              "Shared Hit Blocks": 1972,
                              "Shared Read Blocks": 0,
                              "Shared Dirtied Blocks": 0,
                              "Shared Written Blocks": 0,
                              "Local Hit Blocks": 0,
                              "Local Read Blocks": 0,
                              "Local Dirtied Blocks": 0,
                              "Local Written Blocks": 0,
                              "Temp Read Blocks": 0,
                              "Temp Written Blocks": 0,
                              "Plans": [
                                {
                                  "Node Type": "CTE Scan",
                                  "Parent Relationship": "Outer",
                                  "Parallel Aware": false,
                                  "CTE Name": "modularity_comments",
                                  "Alias": "mc",
                                  "Startup Cost": 0.00,
                                  "Total Cost": 498.54,
                                  "Plan Rows": 24927,
                                  "Plan Width": 4,
                                  "Actual Startup Time": 279.075,
                                  "Actual Total Time": 279.075,
                                  "Actual Rows": 1,
                                  "Actual Loops": 1,
                                  "Shared Hit Blocks": 985,
                                  "Shared Read Blocks": 0,
                                  "Shared Dirtied Blocks": 0,
                                  "Shared Written Blocks": 0,
                                  "Local Hit Blocks": 0,
                                  "Local Read Blocks": 0,
                                  "Local Dirtied Blocks": 0,
                                  "Local Written Blocks": 0,
                                  "Temp Read Blocks": 0,
                                  "Temp Written Blocks": 0
                                },
                                {
                                  "Node Type": "Hash",
                                  "Parent Relationship": "Inner",
                                  "Parallel Aware": false,
                                  "Startup Cost": 245.90,
                                  "Total Cost": 245.90,
                                  "Plan Rows": 1,
                                  "Plan Width": 41,
                                  "Actual Startup Time": 223.292,
                                  "Actual Total Time": 223.292,
                                  "Actual Rows": 0,
                                  "Actual Loops": 1,
                                  "Hash Buckets": 1024,
                                  "Original Hash Buckets": 1024,
                                  "Hash Batches": 1,
                                  "Original Hash Batches": 1,
                                  "Peak Memory Usage": 8,
                                  "Shared Hit Blocks": 987,
                                  "Shared Read Blocks": 0,
                                  "Shared Dirtied Blocks": 0,
                                  "Shared Written Blocks": 0,
                                  "Local Hit Blocks": 0,
                                  "Local Read Blocks": 0,
                                  "Local Dirtied Blocks": 0,
                                  "Local Written Blocks": 0,
                                  "Temp Read Blocks": 0,
                                  "Temp Written Blocks": 0,
                                  "Plans": [
                                    {
                                      "Node Type": "Hash Join",
                                      "Parent Relationship": "Outer",
                                      "Parallel Aware": false,
                                      "Join Type": "Inner",
                                      "Startup Cost": 127.83,
                                      "Total Cost": 245.90,
                                      "Plan Rows": 1,
                                      "Plan Width": 41,
                                      "Actual Startup Time": 223.291,
                                      "Actual Total Time": 223.291,
                                      "Actual Rows": 0,
                                      "Actual Loops": 1,
                                      "Inner Unique": false,
                                      "Hash Cond": "(sp.user_id = u.id)",
                                      "Shared Hit Blocks": 987,
                                      "Shared Read Blocks": 0,
                                      "Shared Dirtied Blocks": 0,
                                      "Shared Written Blocks": 0,
                                      "Local Hit Blocks": 0,
                                      "Local Read Blocks": 0,
                                      "Local Dirtied Blocks": 0,
                                      "Local Written Blocks": 0,
                                      "Temp Read Blocks": 0,
                                      "Temp Written Blocks": 0,
                                      "Plans": [
                                        {
                                          "Node Type": "CTE Scan",
                                          "Parent Relationship": "Outer",
                                          "Parallel Aware": false,
                                          "CTE Name": "sql_posts",
                                          "Alias": "sp",
                                          "Startup Cost": 0.00,
                                          "Total Cost": 99.42,
                                          "Plan Rows": 4971,
                                          "Plan Width": 4,
                                          "Actual Startup Time": 0.025,
                                          "Actual Total Time": 0.025,
                                          "Actual Rows": 1,
                                          "Actual Loops": 1,
                                          "Shared Hit Blocks": 1,
                                          "Shared Read Blocks": 0,
                                          "Shared Dirtied Blocks": 0,
                                          "Shared Written Blocks": 0,
                                          "Local Hit Blocks": 0,
                                          "Local Read Blocks": 0,
                                          "Local Dirtied Blocks": 0,
                                          "Local Written Blocks": 0,
                                          "Temp Read Blocks": 0,
                                          "Temp Written Blocks": 0
                                        },
                                        {
                                          "Node Type": "Hash",
                                          "Parent Relationship": "Inner",
                                          "Parallel Aware": false,
                                          "Startup Cost": 127.81,
                                          "Total Cost": 127.81,
                                          "Plan Rows": 1,
                                          "Plan Width": 37,
                                          "Actual Startup Time": 223.252,
                                          "Actual Total Time": 223.252,
                                          "Actual Rows": 0,
                                          "Actual Loops": 1,
                                          "Hash Buckets": 1024,
                                          "Original Hash Buckets": 1024,
                                          "Hash Batches": 1,
                                          "Original Hash Batches": 1,
                                          "Peak Memory Usage": 8,
                                          "Shared Hit Blocks": 986,
                                          "Shared Read Blocks": 0,
                                          "Shared Dirtied Blocks": 0,
                                          "Shared Written Blocks": 0,
                                          "Local Hit Blocks": 0,
                                          "Local Read Blocks": 0,
                                          "Local Dirtied Blocks": 0,
                                          "Local Written Blocks": 0,
                                          "Temp Read Blocks": 0,
                                          "Temp Written Blocks": 0,
                                          "Plans": [
                                            {
                                              "Node Type": "Hash Join",
                                              "Parent Relationship": "Outer",
                                              "Parallel Aware": false,
                                              "Join Type": "Inner",
                                              "Startup Cost": 67.29,
                                              "Total Cost": 127.81,
                                              "Plan Rows": 1,
                                              "Plan Width": 37,
                                              "Actual Startup Time": 223.252,
                                              "Actual Total Time": 223.252,
                                              "Actual Rows": 0,
                                              "Actual Loops": 1,
                                              "Inner Unique": false,
                                              "Hash Cond": "(dp.user_id = u.id)",
                                              "Shared Hit Blocks": 986,
                                              "Shared Read Blocks": 0,
                                              "Shared Dirtied Blocks": 0,
                                              "Shared Written Blocks": 0,
                                              "Local Hit Blocks": 0,
                                              "Local Read Blocks": 0,
                                              "Local Dirtied Blocks": 0,
                                              "Local Written Blocks": 0,
                                              "Temp Read Blocks": 0,
                                              "Temp Written Blocks": 0,
                                              "Plans": [
                                                {
                                                  "Node Type": "CTE Scan",
                                                  "Parent Relationship": "Outer",
                                                  "Parallel Aware": false,
                                                  "CTE Name": "database_posts",
                                                  "Alias": "dp",
                                                  "Startup Cost": 0.00,
                                                  "Total Cost": 50.96,
                                                  "Plan Rows": 2548,
                                                  "Plan Width": 4,
                                                  "Actual Startup Time": 0.011,
                                                  "Actual Total Time": 0.011,
                                                  "Actual Rows": 1,
                                                  "Actual Loops": 1,
                                                  "Shared Hit Blocks": 1,
                                                  "Shared Read Blocks": 0,
                                                  "Shared Dirtied Blocks": 0,
                                                  "Shared Written Blocks": 0,
                                                  "Local Hit Blocks": 0,
                                                  "Local Read Blocks": 0,
                                                  "Local Dirtied Blocks": 0,
                                                  "Local Written Blocks": 0,
                                                  "Temp Read Blocks": 0,
                                                  "Temp Written Blocks": 0
                                                },
                                                {
                                                  "Node Type": "Hash",
                                                  "Parent Relationship": "Inner",
                                                  "Parallel Aware": false,
                                                  "Startup Cost": 67.28,
                                                  "Total Cost": 67.28,
                                                  "Plan Rows": 1,
                                                  "Plan Width": 33,
                                                  "Actual Startup Time": 223.214,
                                                  "Actual Total Time": 223.214,
                                                  "Actual Rows": 0,
                                                  "Actual Loops": 1,
                                                  "Hash Buckets": 1024,
                                                  "Original Hash Buckets": 1024,
                                                  "Hash Batches": 1,
                                                  "Original Hash Batches": 1,
                                                  "Peak Memory Usage": 8,
                                                  "Shared Hit Blocks": 985,
                                                  "Shared Read Blocks": 0,
                                                  "Shared Dirtied Blocks": 0,
                                                  "Shared Written Blocks": 0,
                                                  "Local Hit Blocks": 0,
                                                  "Local Read Blocks": 0,
                                                  "Local Dirtied Blocks": 0,
                                                  "Local Written Blocks": 0,
                                                  "Temp Read Blocks": 0,
                                                  "Temp Written Blocks": 0,
                                                  "Plans": [
                                                    {
                                                      "Node Type": "Hash Join",
                                                      "Parent Relationship": "Outer",
                                                      "Parallel Aware": false,
                                                      "Join Type": "Inner",
                                                      "Startup Cost": 8.34,
                                                      "Total Cost": 67.28,
                                                      "Plan Rows": 1,
                                                      "Plan Width": 33,
                                                      "Actual Startup Time": 223.213,
                                                      "Actual Total Time": 223.214,
                                                      "Actual Rows": 0,
                                                      "Actual Loops": 1,
                                                      "Inner Unique": false,
                                                      "Hash Cond": "(pp.user_id = u.id)",
                                                      "Shared Hit Blocks": 985,
                                                      "Shared Read Blocks": 0,
                                                      "Shared Dirtied Blocks": 0,
                                                      "Shared Written Blocks": 0,
                                                      "Local Hit Blocks": 0,
                                                      "Local Read Blocks": 0,
                                                      "Local Dirtied Blocks": 0,
                                                      "Local Written Blocks": 0,
                                                      "Temp Read Blocks": 0,
                                                      "Temp Written Blocks": 0,
                                                      "Plans": [
                                                        {
                                                          "Node Type": "CTE Scan",
                                                          "Parent Relationship": "Outer",
                                                          "Parallel Aware": false,
                                                          "CTE Name": "postgres_posts",
                                                          "Alias": "pp",
                                                          "Startup Cost": 0.00,
                                                          "Total Cost": 49.62,
                                                          "Plan Rows": 2481,
                                                          "Plan Width": 4,
                                                          "Actual Startup Time": 0.035,
                                                          "Actual Total Time": 0.035,
                                                          "Actual Rows": 1,
                                                          "Actual Loops": 1,
                                                          "Shared Hit Blocks": 1,
                                                          "Shared Read Blocks": 0,
                                                          "Shared Dirtied Blocks": 0,
                                                          "Shared Written Blocks": 0,
                                                          "Local Hit Blocks": 0,
                                                          "Local Read Blocks": 0,
                                                          "Local Dirtied Blocks": 0,
                                                          "Local Written Blocks": 0,
                                                          "Temp Read Blocks": 0,
                                                          "Temp Written Blocks": 0
                                                        },
                                                        {
                                                          "Node Type": "Hash",
                                                          "Parent Relationship": "Inner",
                                                          "Parallel Aware": false,
                                                          "Startup Cost": 8.33,
                                                          "Total Cost": 8.33,
                                                          "Plan Rows": 1,
                                                          "Plan Width": 29,
                                                          "Actual Startup Time": 223.167,
                                                          "Actual Total Time": 223.167,
                                                          "Actual Rows": 0,
                                                          "Actual Loops": 1,
                                                          "Hash Buckets": 1024,
                                                          "Original Hash Buckets": 1024,
                                                          "Hash Batches": 1,
                                                          "Original Hash Batches": 1,
                                                          "Peak Memory Usage": 8,
                                                          "Shared Hit Blocks": 984,
                                                          "Shared Read Blocks": 0,
                                                          "Shared Dirtied Blocks": 0,
                                                          "Shared Written Blocks": 0,
                                                          "Local Hit Blocks": 0,
                                                          "Local Read Blocks": 0,
                                                          "Local Dirtied Blocks": 0,
                                                          "Local Written Blocks": 0,
                                                          "Temp Read Blocks": 0,
                                                          "Temp Written Blocks": 0,
                                                          "Plans": [
                                                            {
                                                              "Node Type": "Nested Loop",
                                                              "Parent Relationship": "Outer",
                                                              "Parallel Aware": false,
                                                              "Join Type": "Inner",
                                                              "Startup Cost": 0.29,
                                                              "Total Cost": 8.33,
                                                              "Plan Rows": 1,
                                                              "Plan Width": 29,
                                                              "Actual Startup Time": 223.166,
                                                              "Actual Total Time": 223.166,
                                                              "Actual Rows": 0,
                                                              "Actual Loops": 1,
                                                              "Inner Unique": true,
                                                              "Shared Hit Blocks": 984,
                                                              "Shared Read Blocks": 0,
                                                              "Shared Dirtied Blocks": 0,
                                                              "Shared Written Blocks": 0,
                                                              "Local Hit Blocks": 0,
                                                              "Local Read Blocks": 0,
                                                              "Local Dirtied Blocks": 0,
                                                              "Local Written Blocks": 0,
                                                              "Temp Read Blocks": 0,
                                                              "Temp Written Blocks": 0,
                                                              "Plans": [
                                                                {
                                                                  "Node Type": "CTE Scan",
                                                                  "Parent Relationship": "Outer",
                                                                  "Parallel Aware": false,
                                                                  "CTE Name": "performance_comments",
                                                                  "Alias": "pc",
                                                                  "Startup Cost": 0.00,
                                                                  "Total Cost": 0.02,
                                                                  "Plan Rows": 1,
                                                                  "Plan Width": 4,
                                                                  "Actual Startup Time": 223.166,
                                                                  "Actual Total Time": 223.166,
                                                                  "Actual Rows": 0,
                                                                  "Actual Loops": 1,
                                                                  "Shared Hit Blocks": 984,
                                                                  "Shared Read Blocks": 0,
                                                                  "Shared Dirtied Blocks": 0,
                                                                  "Shared Written Blocks": 0,
                                                                  "Local Hit Blocks": 0,
                                                                  "Local Read Blocks": 0,
                                                                  "Local Dirtied Blocks": 0,
                                                                  "Local Written Blocks": 0,
                                                                  "Temp Read Blocks": 0,
                                                                  "Temp Written Blocks": 0
                                                                },
                                                                {
                                                                  "Node Type": "Index Scan",
                                                                  "Parent Relationship": "Inner",
                                                                  "Parallel Aware": false,
                                                                  "Scan Direction": "Forward",
                                                                  "Index Name": "users_pkey",
                                                                  "Relation Name": "users",
                                                                  "Alias": "u",
                                                                  "Startup Cost": 0.29,
                                                                  "Total Cost": 8.31,
                                                                  "Plan Rows": 1,
                                                                  "Plan Width": 25,
                                                                  "Actual Startup Time": 0.000,
                                                                  "Actual Total Time": 0.000,
                                                                  "Actual Rows": 0,
                                                                  "Actual Loops": 0,
                                                                  "Index Cond": "(id = pc.user_id)",
                                                                  "Rows Removed by Index Recheck": 0,
                                                                  "Shared Hit Blocks": 0,
                                                                  "Shared Read Blocks": 0,
                                                                  "Shared Dirtied Blocks": 0,
                                                                  "Shared Written Blocks": 0,
                                                                  "Local Hit Blocks": 0,
                                                                  "Local Read Blocks": 0,
                                                                  "Local Dirtied Blocks": 0,
                                                                  "Local Written Blocks": 0,
                                                                  "Temp Read Blocks": 0,
                                                                  "Temp Written Blocks": 0
                                                                }
                                                              ]
                                                            }
                                                          ]
                                                        }
                                                      ]
                                                    }
                                                  ]
                                                }
                                              ]
                                            }
                                          ]
                                        }
                                      ]
                                    }
                                  ]
                                }
                              ]
                            }
                          ]
                        }
                      ]
                    }
                  ]
                },
                {
                  "Node Type": "Sort",
                  "Parent Relationship": "Inner",
                  "Parallel Aware": false,
                  "Startup Cost": 1.08,
                  "Total Cost": 1.14,
                  "Plan Rows": 25,
                  "Plan Width": 4,
                  "Actual Startup Time": 0.000,
                  "Actual Total Time": 0.000,
                  "Actual Rows": 0,
                  "Actual Loops": 0,
                  "Sort Key": ["egu.id"],
                  "Shared Hit Blocks": 0,
                  "Shared Read Blocks": 0,
                  "Shared Dirtied Blocks": 0,
                  "Shared Written Blocks": 0,
                  "Local Hit Blocks": 0,
                  "Local Read Blocks": 0,
                  "Local Dirtied Blocks": 0,
                  "Local Written Blocks": 0,
                  "Temp Read Blocks": 0,
                  "Temp Written Blocks": 0,
                  "Plans": [
                    {
                      "Node Type": "CTE Scan",
                      "Parent Relationship": "Outer",
                      "Parallel Aware": false,
                      "CTE Name": "early_gmail_users",
                      "Alias": "egu",
                      "Startup Cost": 0.00,
                      "Total Cost": 0.50,
                      "Plan Rows": 25,
                      "Plan Width": 4,
                      "Actual Startup Time": 0.000,
                      "Actual Total Time": 0.000,
                      "Actual Rows": 0,
                      "Actual Loops": 0,
                      "Shared Hit Blocks": 0,
                      "Shared Read Blocks": 0,
                      "Shared Dirtied Blocks": 0,
                      "Shared Written Blocks": 0,
                      "Local Hit Blocks": 0,
                      "Local Read Blocks": 0,
                      "Local Dirtied Blocks": 0,
                      "Local Written Blocks": 0,
                      "Temp Read Blocks": 0,
                      "Temp Written Blocks": 0
                    }
                  ]
                }
              ]
            },
            {
              "Node Type": "Hash Join",
              "Parent Relationship": "Inner",
              "Parallel Aware": false,
              "Join Type": "Inner",
              "Startup Cost": 0.52,
              "Total Cost": 2.01,
              "Plan Rows": 16,
              "Plan Width": 8,
              "Actual Startup Time": 0.000,
              "Actual Total Time": 0.000,
              "Actual Rows": 0,
              "Actual Loops": 0,
              "Inner Unique": false,
              "Hash Cond": "(ehu.id = eyu.id)",
              "Shared Hit Blocks": 0,
              "Shared Read Blocks": 0,
              "Shared Dirtied Blocks": 0,
              "Shared Written Blocks": 0,
              "Local Hit Blocks": 0,
              "Local Read Blocks": 0,
              "Local Dirtied Blocks": 0,
              "Local Written Blocks": 0,
              "Temp Read Blocks": 0,
              "Temp Written Blocks": 0,
              "Plans": [
                {
                  "Node Type": "CTE Scan",
                  "Parent Relationship": "Outer",
                  "Parallel Aware": false,
                  "CTE Name": "early_hotmail_users",
                  "Alias": "ehu",
                  "Startup Cost": 0.00,
                  "Total Cost": 1.12,
                  "Plan Rows": 56,
                  "Plan Width": 4,
                  "Actual Startup Time": 0.000,
                  "Actual Total Time": 0.000,
                  "Actual Rows": 0,
                  "Actual Loops": 0,
                  "Shared Hit Blocks": 0,
                  "Shared Read Blocks": 0,
                  "Shared Dirtied Blocks": 0,
                  "Shared Written Blocks": 0,
                  "Local Hit Blocks": 0,
                  "Local Read Blocks": 0,
                  "Local Dirtied Blocks": 0,
                  "Local Written Blocks": 0,
                  "Temp Read Blocks": 0,
                  "Temp Written Blocks": 0
                },
                {
                  "Node Type": "Hash",
                  "Parent Relationship": "Inner",
                  "Parallel Aware": false,
                  "Startup Cost": 0.32,
                  "Total Cost": 0.32,
                  "Plan Rows": 16,
                  "Plan Width": 4,
                  "Actual Startup Time": 0.000,
                  "Actual Total Time": 0.000,
                  "Actual Rows": 0,
                  "Actual Loops": 0,
                  "Shared Hit Blocks": 0,
                  "Shared Read Blocks": 0,
                  "Shared Dirtied Blocks": 0,
                  "Shared Written Blocks": 0,
                  "Local Hit Blocks": 0,
                  "Local Read Blocks": 0,
                  "Local Dirtied Blocks": 0,
                  "Local Written Blocks": 0,
                  "Temp Read Blocks": 0,
                  "Temp Written Blocks": 0,
                  "Plans": [
                    {
                      "Node Type": "CTE Scan",
                      "Parent Relationship": "Outer",
                      "Parallel Aware": false,
                      "CTE Name": "early_yahoo_users",
                      "Alias": "eyu",
                      "Startup Cost": 0.00,
                      "Total Cost": 0.32,
                      "Plan Rows": 16,
                      "Plan Width": 4,
                      "Actual Startup Time": 0.000,
                      "Actual Total Time": 0.000,
                      "Actual Rows": 0,
                      "Actual Loops": 0,
                      "Shared Hit Blocks": 0,
                      "Shared Read Blocks": 0,
                      "Shared Dirtied Blocks": 0,
                      "Shared Written Blocks": 0,
                      "Local Hit Blocks": 0,
                      "Local Read Blocks": 0,
                      "Local Dirtied Blocks": 0,
                      "Local Written Blocks": 0,
                      "Temp Read Blocks": 0,
                      "Temp Written Blocks": 0
                    }
                  ]
                }
              ]
            }
          ]
        }
      ]
    },
    "Planning Time": 20.603,
    "Triggers": [
    ],
    "Execution Time": 756.376
  }
]
