[
  {
    "Plan": {
      "Node Type": "Sort",
      "Parallel Aware": false,
      "Startup Cost": 2864.87,
      "Total Cost": 2869.01,
      "Plan Rows": 1657,
      "Plan Width": 33,
      "Actual Startup Time": 48.641,
      "Actual Total Time": 48.649,
      "Actual Rows": 106,
      "Actual Loops": 1,
      "Sort Key": ["u.id", "u.email DESC"],
      "Sort Method": "quicksort",
      "Sort Space Used": 33,
      "Sort Space Type": "Memory",
      "Shared Hit Blocks": 821,
      "Shared Read Blocks": 0,
      "Shared Dirtied Blocks": 0,
      "Shared Written Blocks": 0,
      "Local Hit Blocks": 0,
      "Local Read Blocks": 0,
      "Local Dirtied Blocks": 0,
      "Local Written Blocks": 0,
      "Temp Read Blocks": 0,
      "Temp Written Blocks": 0,
      "Plans": [
        {
          "Node Type": "Aggregate",
          "Strategy": "Hashed",
          "Partial Mode": "Simple",
          "Parent Relationship": "Outer",
          "Parallel Aware": false,
          "Startup Cost": 2714.13,
          "Total Cost": 2776.27,
          "Plan Rows": 1657,
          "Plan Width": 33,
          "Actual Startup Time": 48.048,
          "Actual Total Time": 48.557,
          "Actual Rows": 106,
          "Actual Loops": 1,
          "Group Key": ["u.id"],
          "Filter": "(count(*) > 1)",
          "Rows Removed by Filter": 4758,
          "Shared Hit Blocks": 815,
          "Shared Read Blocks": 0,
          "Shared Dirtied Blocks": 0,
          "Shared Written Blocks": 0,
          "Local Hit Blocks": 0,
          "Local Read Blocks": 0,
          "Local Dirtied Blocks": 0,
          "Local Written Blocks": 0,
          "Temp Read Blocks": 0,
          "Temp Written Blocks": 0,
          "Plans": [
            {
              "Node Type": "Hash Join",
              "Parent Relationship": "Outer",
              "Parallel Aware": false,
              "Join Type": "Inner",
              "Startup Cost": 271.14,
              "Total Cost": 2676.85,
              "Plan Rows": 4971,
              "Plan Width": 25,
              "Actual Startup Time": 18.000,
              "Actual Total Time": 46.020,
              "Actual Rows": 4971,
              "Actual Loops": 1,
              "Inner Unique": false,
              "Hash Cond": "(u.id = posts.user_id)",
              "Shared Hit Blocks": 815,
              "Shared Read Blocks": 0,
              "Shared Dirtied Blocks": 0,
              "Shared Written Blocks": 0,
              "Local Hit Blocks": 0,
              "Local Read Blocks": 0,
              "Local Dirtied Blocks": 0,
              "Local Written Blocks": 0,
              "Temp Read Blocks": 0,
              "Temp Written Blocks": 0,
              "Plans": [
                {
                  "Node Type": "Seq Scan",
                  "Parent Relationship": "Outer",
                  "Parallel Aware": false,
                  "Relation Name": "users",
                  "Alias": "u",
                  "Startup Cost": 0.00,
                  "Total Cost": 1731.00,
                  "Plan Rows": 100000,
                  "Plan Width": 25,
                  "Actual Startup Time": 0.015,
                  "Actual Total Time": 12.836,
                  "Actual Rows": 100000,
                  "Actual Loops": 1,
                  "Shared Hit Blocks": 731,
                  "Shared Read Blocks": 0,
                  "Shared Dirtied Blocks": 0,
                  "Shared Written Blocks": 0,
                  "Local Hit Blocks": 0,
                  "Local Read Blocks": 0,
                  "Local Dirtied Blocks": 0,
                  "Local Written Blocks": 0,
                  "Temp Read Blocks": 0,
                  "Temp Written Blocks": 0
                },
                {
                  "Node Type": "Hash",
                  "Parent Relationship": "Inner",
                  "Parallel Aware": false,
                  "Startup Cost": 209.00,
                  "Total Cost": 209.00,
                  "Plan Rows": 4971,
                  "Plan Width": 4,
                  "Actual Startup Time": 17.893,
                  "Actual Total Time": 17.894,
                  "Actual Rows": 4971,
                  "Actual Loops": 1,
                  "Hash Buckets": 8192,
                  "Original Hash Buckets": 8192,
                  "Hash Batches": 1,
                  "Original Hash Batches": 1,
                  "Peak Memory Usage": 239,
                  "Shared Hit Blocks": 84,
                  "Shared Read Blocks": 0,
                  "Shared Dirtied Blocks": 0,
                  "Shared Written Blocks": 0,
                  "Local Hit Blocks": 0,
                  "Local Read Blocks": 0,
                  "Local Dirtied Blocks": 0,
                  "Local Written Blocks": 0,
                  "Temp Read Blocks": 0,
                  "Temp Written Blocks": 0,
                  "Plans": [
                    {
                      "Node Type": "Seq Scan",
                      "Parent Relationship": "Outer",
                      "Parallel Aware": false,
                      "Relation Name": "posts",
                      "Alias": "posts",
                      "Startup Cost": 0.00,
                      "Total Cost": 209.00,
                      "Plan Rows": 4971,
                      "Plan Width": 4,
                      "Actual Startup Time": 0.032,
                      "Actual Total Time": 16.073,
                      "Actual Rows": 4971,
                      "Actual Loops": 1,
                      "Filter": "((title)::text ~ '.*sql.*'::text)",
                      "Rows Removed by Filter": 5029,
                      "Shared Hit Blocks": 84,
                      "Shared Read Blocks": 0,
                      "Shared Dirtied Blocks": 0,
                      "Shared Written Blocks": 0,
                      "Local Hit Blocks": 0,
                      "Local Read Blocks": 0,
                      "Local Dirtied Blocks": 0,
                      "Local Written Blocks": 0,
                      "Temp Read Blocks": 0,
                      "Temp Written Blocks": 0
                    }
                  ]
                }
              ]
            }
          ]
        }
      ]
    },
    "Planning Time": 1.641,
    "Triggers": [
    ],
    "Execution Time": 48.942
  }
]
